
> web@0.0.0 build /home/toxy/dossierlinux/project/allaboard/apps/web
> next build

   ▲ Next.js 15.5.15

   Creating an optimized production build ...
 ✓ Compiled successfully in 3.3s
   Linting and checking validity of types ...
   Collecting page data ...
   Generating static pages (0/4) ...
   Generating static pages (1/4) 
   Generating static pages (2/4) 
   Generating static pages (3/4) 
 ✓ Generating static pages (4/4)
   Finalizing page optimization ...
   Collecting build traces ...

Route (app)                                 Size  First Load JS
┌ ƒ /                                      131 B         102 kB
├ ○ /_not-found                            992 B         103 kB
└ ○ /health                                131 B         102 kB
+ First Load JS shared by all             102 kB
  ├ chunks/1b82ae90-f3c0600c021c8990.js  54.2 kB
  ├ chunks/687-fae8b9f79be0840f.js       45.5 kB
  └ other shared chunks (total)          1.88 kB


○  (Static)   prerendered as static content
ƒ  (Dynamic)  server-rendered on demand

